
Copyright (C) 1994-2019 Synopsys, Inc.
This Synopsys software and all associated documentation are proprietary to Synopsys, Inc.
and may only be used pursuant to the terms and conditions of a written license agreement
with Synopsys, Inc. All other use, reproduction, modification, or distribution of the
Synopsys software or the associated documentation is strictly prohibited.
Tool: Synplify Pro (R)
Build: P-2019.03G-1-Beta1
Install: E:\Gowin\Gowin_V1.9.3Beta_37257_win\SynplifyPro
OS: Windows 6.1

Hostname: GW-SW-001

Implementation : rev_1
Synopsys HDL compiler and linker, Version comp2019q1p1, Build 391R, Built Dec  3 2019 09:16:34

Modified Files: 13
FID:  path (prevtimestamp, timestamp)
0        E:\GOWIN_WORK\IP_Design\MIPI\MIPI_release_case\MIPI_DPHY_Reference_Design\MIPI_RefDesign\temp\gao\ao_0\gw_ao_expression.v (N/A, 2020-03-26 10:11:44)
1        E:\GOWIN_WORK\IP_Design\MIPI\MIPI_release_case\MIPI_DPHY_Reference_Design\MIPI_RefDesign\temp\gao\ao_0\gw_ao_parameter.v (N/A, 2020-03-26 10:11:44)
2        E:\GOWIN_WORK\IP_Design\MIPI\MIPI_release_case\MIPI_DPHY_Reference_Design\MIPI_RefDesign\temp\gao\ao_0\gw_ao_top_define.v (N/A, 2020-03-26 10:11:44)
3        E:\Gowin\Gowin_V1.9.3Beta_37257_win\IDE\data\ipcores\GAO\GW_AO_0\gw_ao_crc32.v (N/A, 2019-12-17 16:54:35)
4        E:\Gowin\Gowin_V1.9.3Beta_37257_win\IDE\data\ipcores\GAO\GW_AO_0\gw_ao_define.v (N/A, 2019-12-17 16:54:35)
5        E:\Gowin\Gowin_V1.9.3Beta_37257_win\IDE\data\ipcores\GAO\GW_AO_0\gw_ao_match.v (N/A, 2019-12-17 16:54:35)
6        E:\Gowin\Gowin_V1.9.3Beta_37257_win\IDE\data\ipcores\GAO\GW_AO_0\gw_ao_mem_ctrl.v (N/A, 2019-12-17 16:54:36)
7        E:\Gowin\Gowin_V1.9.3Beta_37257_win\IDE\data\ipcores\GAO\GW_AO_0\gw_ao_top.v (N/A, 2019-12-17 16:54:36)
8        E:\Gowin\Gowin_V1.9.3Beta_37257_win\SynplifyPro\lib\generic\gw1n.v (N/A, 2019-12-06 03:09:16)
9        E:\Gowin\Gowin_V1.9.3Beta_37257_win\SynplifyPro\lib\vlog\hypermods.v (N/A, 2019-12-04 01:13:52)
10       E:\Gowin\Gowin_V1.9.3Beta_37257_win\SynplifyPro\lib\vlog\scemi_objects.v (N/A, 2019-12-04 01:13:52)
11       E:\Gowin\Gowin_V1.9.3Beta_37257_win\SynplifyPro\lib\vlog\scemi_pipes.svh (N/A, 2019-12-04 01:13:52)
12       E:\Gowin\Gowin_V1.9.3Beta_37257_win\SynplifyPro\lib\vlog\umr_capim.v (N/A, 2019-12-04 01:13:52)

*******************************************************************
Modules that may have changed as a result of file changes: 4
MID:  lib.cell.view
0        work.ao_crc32_0.verilog may have changed because the following files changed:
                        E:\Gowin\Gowin_V1.9.3Beta_37257_win\IDE\data\ipcores\GAO\GW_AO_0\gw_ao_crc32.v (N/A, 2019-12-17 16:54:35) <-- (module definition)
                        E:\Gowin\Gowin_V1.9.3Beta_37257_win\IDE\data\ipcores\GAO\GW_AO_0\gw_ao_top.v (N/A, 2019-12-17 16:54:36) <-- (may instantiate this module)
1        work.ao_match_0.verilog may have changed because the following files changed:
                        E:\Gowin\Gowin_V1.9.3Beta_37257_win\IDE\data\ipcores\GAO\GW_AO_0\gw_ao_match.v (N/A, 2019-12-17 16:54:35) <-- (module definition)
                        E:\Gowin\Gowin_V1.9.3Beta_37257_win\IDE\data\ipcores\GAO\GW_AO_0\gw_ao_top.v (N/A, 2019-12-17 16:54:36) <-- (may instantiate this module)
2        work.ao_mem_ctrl_0.verilog may have changed because the following files changed:
                        E:\Gowin\Gowin_V1.9.3Beta_37257_win\IDE\data\ipcores\GAO\GW_AO_0\gw_ao_mem_ctrl.v (N/A, 2019-12-17 16:54:36) <-- (module definition)
                        E:\Gowin\Gowin_V1.9.3Beta_37257_win\IDE\data\ipcores\GAO\GW_AO_0\gw_ao_top.v (N/A, 2019-12-17 16:54:36) <-- (may instantiate this module)
3        work.ao_top_0.verilog may have changed because the following files changed:
                        E:\Gowin\Gowin_V1.9.3Beta_37257_win\IDE\data\ipcores\GAO\GW_AO_0\gw_ao_top.v (N/A, 2019-12-17 16:54:36) <-- (module definition)

*******************************************************************
Unmodified files: 0
FID:  path (timestamp)

*******************************************************************
Unchanged modules: 0
MID:  lib.cell.view
