
Copyright (C) 1994-2020 Synopsys, Inc.
This Synopsys software and all associated documentation are proprietary to Synopsys, Inc.
and may only be used pursuant to the terms and conditions of a written license agreement
with Synopsys, Inc. All other use, reproduction, modification, or distribution of the
Synopsys software or the associated documentation is strictly prohibited.
Tool: Synplify Pro (R)
Build: P-2019.09G-Beta2
Install: D:\Gowin\Gowin_V1.9.3.01Beta_37928_20200110\SynplifyPro
OS: Windows 6.1

Hostname: GZAE-AE-CAOJIE

Implementation : rev_1

# Written on Wed Mar 11 15:28:57 2020

##### DESIGN INFO #######################################################

Top View:                "gw_con_top"
Constraint File(s):      (none)




##### SUMMARY ############################################################

Found 0 issues in 0 out of 0 constraints


##### DETAILS ############################################################



Clock Relationships
*******************

Starting             Ending               |     rise to rise     |     fall to fall     |     rise to fall     |     fall to rise                     
-----------------------------------------------------------------------------------------------------------------------------------------------------
gw_con_top|tck_i     gw_con_top|tck_i     |     3.362            |     3.362            |     No paths         |     1.681                            
=====================================================================================================================================================
 Note: 'No paths' indicates there are no paths in the design for that pair of clock edges.
       'Diff grp' indicates that paths exist but the starting clock and ending clock are in different clock groups.


Unconstrained Start/End Points
******************************

p:control0[1]
p:control0[2]
p:control0[3]
p:control0[4]
p:control0[5] (bidir end point)
p:control0[5] (bidir start point)
p:control0[6]
p:control0[7]
p:control0[8]
p:control0[9]
p:enable_i
p:rst_i
p:shift_dr_capture_dr_i
p:tdi_i
p:tdo_o
p:update_dr_i


Inapplicable constraints
************************

(none)


Applicable constraints with issues
**********************************

(none)


Constraints with matching wildcard expressions
**********************************************

(none)


Library Report
**************


# End of Constraint Checker Report
