
Copyright (C) 1994-2020 Synopsys, Inc.
This Synopsys software and all associated documentation are proprietary to Synopsys, Inc.
and may only be used pursuant to the terms and conditions of a written license agreement
with Synopsys, Inc. All other use, reproduction, modification, or distribution of the
Synopsys software or the associated documentation is strictly prohibited.
Tool: Synplify Pro (R)
Build: P-2019.09G-Beta2
Install: D:\Gowin\Gowin_V1.9.3.01Beta_37928_20200110\SynplifyPro
OS: Windows 6.1

Hostname: GZAE-AE-CAOJIE

Implementation : rev_1

# Written on Wed Mar 11 15:28:55 2020

##### FILES SYNTAX CHECKED ##############################################
Constraint File(s):      (none)

#Run constraint checker to find more issues with constraints.
#########################################################################



No issues found in constraint syntax.



Clock Summary
*************

          Start                Requested     Requested     Clock        Clock                     Clock
Level     Clock                Frequency     Period        Type         Group                     Load 
-------------------------------------------------------------------------------------------------------
0 -       gw_con_top|tck_i     297.4 MHz     3.362         inferred     Autoconstr_clkgroup_0     14   
=======================================================================================================


Clock Load Summary
******************

                     Clock     Source          Clock Pin                        Non-clock Pin     Non-clock Pin      
Clock                Load      Pin             Seq Example                      Seq Example       Comb Example       
---------------------------------------------------------------------------------------------------------------------
gw_con_top|tck_i     14        tck_i(port)     shift_dr_capture_dr_dly[0].C     -                 un1_tck_i.I[0](inv)
=====================================================================================================================
