NOTE:  This version of the software is not a production release. No warranty is made as to the general availability of features and functionality included in this version or described in the accompanying documentation. The final contents of a production release and its timing remain at the sole discretion of Synopsys.

Starting:    D:\Gowin\Gowin_V1.9.6.02Beta\SynplifyPro\bin64\mbin\synbatch.exe
Install:     D:\Gowin\Gowin_V1.9.6.02Beta\SynplifyPro
Hostname:    EYE-02
Date:        Mon Sep 28 15:05:33 2020
Version:     Q-2020.03G-Beta1

Arguments:   -product synplify_pro -batch -licensetype synplifypro_gowin J:/Source_bac/Gowin_board/GW2A_LV18PG484/test_prj/dk_video_csi_720_LVCMOS12/impl/synthesize/dk_video.prj
ProductType: synplify_pro

License checkout: synplifypro_gowin
License: synplifypro_gowin node-locked 
Licensed Vendor: gowin

Running in Vendor Mode

log file: "J:\Source_bac\Gowin_board\GW2A_LV18PG484\test_prj\dk_video_csi_720_LVCMOS12\impl\synthesize\rev_1\dk_video.srr"
Running: rev_1 in foreground

Running dk_video|rev_1

Running Flow: compile (Compile) on dk_video|rev_1
# Mon Sep 28 15:05:34 2020

Running Flow: compile_flow (Compile Process) on dk_video|rev_1
# Mon Sep 28 15:05:34 2020

Running: compiler (Compile Input) on dk_video|rev_1
# Mon Sep 28 15:05:34 2020
Copied J:\Source_bac\Gowin_board\GW2A_LV18PG484\test_prj\dk_video_csi_720_LVCMOS12\impl\synthesize\rev_1\synwork\dk_video_comp.srs to J:\Source_bac\Gowin_board\GW2A_LV18PG484\test_prj\dk_video_csi_720_LVCMOS12\impl\synthesize\rev_1\dk_video.srs

compiler completed
# Mon Sep 28 15:05:54 2020

Return Code: 0
Run Time:00h:00m:20s

Running: multi_srs_gen (Multi-srs Generator) on dk_video|rev_1
# Mon Sep 28 15:05:54 2020

multi_srs_gen completed
# Mon Sep 28 15:05:55 2020

Return Code: 0
Run Time:00h:00m:01s
Copied J:\Source_bac\Gowin_board\GW2A_LV18PG484\test_prj\dk_video_csi_720_LVCMOS12\impl\synthesize\rev_1\synwork\dk_video_mult.srs to J:\Source_bac\Gowin_board\GW2A_LV18PG484\test_prj\dk_video_csi_720_LVCMOS12\impl\synthesize\rev_1\dk_video.srs
Complete: Compile Process on dk_video|rev_1

Running: premap (Premap) on dk_video|rev_1
# Mon Sep 28 15:05:55 2020

premap completed with warnings
# Mon Sep 28 15:06:02 2020

Return Code: 1
Run Time:00h:00m:07s
Complete: Compile on dk_video|rev_1

Running Flow: map (Map) on dk_video|rev_1
# Mon Sep 28 15:06:02 2020

Running: fpga_mapper (Map & Optimize) on dk_video|rev_1
# Mon Sep 28 15:06:02 2020
Copied J:\Source_bac\Gowin_board\GW2A_LV18PG484\test_prj\dk_video_csi_720_LVCMOS12\impl\synthesize\rev_1\synwork\dk_video_m.srm to J:\Source_bac\Gowin_board\GW2A_LV18PG484\test_prj\dk_video_csi_720_LVCMOS12\impl\synthesize\rev_1\dk_video.srm

fpga_mapper completed with warnings
# Mon Sep 28 15:06:24 2020

Return Code: 1
Run Time:00h:00m:22s
Complete: Map on dk_video|rev_1
Complete: Logic Synthesis on dk_video|rev_1
exit status=0
exit status=0
License checkin: synplifypro_gowin
