---------------------------------------
Resource Usage Report for ao_top_0 

Mapping to part: gw1n_9pbga256-5
Cell usage:
ALU             71 uses
DFF             65 uses
DFFC            38 uses
DFFCE           299 uses
DFFNP           2 uses
DFFP            5 uses
DFFPE           32 uses
GSR             1 use
INV             2 uses
MUX2_LUT5       3 uses
SDPX9           4 uses
LUT2            52 uses
LUT3            89 uses
LUT4            279 uses

I/O ports: 77
I/O primitives: 77
IBUF           75 uses
OBUF           2 uses

I/O Register bits:                  0
Register bits not including I/Os:   441 of 6480 (6%)

RAM/ROM usage summary
Block Rams : 4 of 26 (15%)


@S |Mapping Summary:
Total  LUTs: 420 (4%)

