
Copyright (C) 1994-2020 Synopsys, Inc.
This Synopsys software and all associated documentation are proprietary to Synopsys, Inc.
and may only be used pursuant to the terms and conditions of a written license agreement
with Synopsys, Inc. All other use, reproduction, modification, or distribution of the
Synopsys software or the associated documentation is strictly prohibited.
Tool: Synplify Pro (R)
Build: P-2019.09G-Beta2
Install: D:\Gowin\Gowin_V1.9.3.01Beta_37928_20200110\SynplifyPro
OS: Windows 6.1

Hostname: GZAE-AE-CAOJIE

Implementation : rev_1

# Written on Wed Mar 11 15:29:08 2020

##### FILES SYNTAX CHECKED ##############################################
Constraint File(s):      (none)

#Run constraint checker to find more issues with constraints.
#########################################################################



No issues found in constraint syntax.



Clock Summary
*************

          Start                   Requested     Requested     Clock        Clock                     Clock
Level     Clock                   Frequency     Period        Type         Group                     Load 
----------------------------------------------------------------------------------------------------------
0 -       ao_top_0|control[0]     186.5 MHz     5.362         inferred     Autoconstr_clkgroup_1     404  
                                                                                                          
0 -       ao_top_0|clk_i          195.6 MHz     5.112         inferred     Autoconstr_clkgroup_0     163  
==========================================================================================================


Clock Load Summary
******************

                        Clock     Source               Clock Pin                                Non-clock Pin     Non-clock Pin       
Clock                   Load      Pin                  Seq Example                              Seq Example       Comb Example        
--------------------------------------------------------------------------------------------------------------------------------------
ao_top_0|control[0]     404       control[0](port)     data_register[72:0].C                    -                 -                   
                                                                                                                                      
ao_top_0|clk_i          163       clk_i(port)          internal_reg_force_triger_syn[1:0].C     -                 clk_ao.I[0](keepbuf)
======================================================================================================================================
