One matching license found for this product: synplifypro_gowin
NOTE:  This version of the software is not a production release. No warranty is made as to the general availability of features and functionality included in this version or described in the accompanying documentation. The final contents of a production release and its timing remain at the sole discretion of Synopsys.

Starting:    D:\Gowin\Gowin_V1.9.3.01Beta\SynplifyPro\bin64\mbin\synbatch.exe
Install:     D:\Gowin\Gowin_V1.9.3.01Beta\SynplifyPro
Hostname:    DESKTOP-AP2159I
Date:        Wed Feb 12 16:26:03 2020
Version:     P-2019.09G-Beta2

Arguments:   -product synplify_pro -batch D:/proj/dk_video_csi/src/frame_buffer/fifo/temp/FIFO/FIFO.prj
ProductType: synplify_pro

License checkout: synplifypro_gowin
License: synplifypro_gowin node-locked 
Licensed Vendor: gowin

Running in Vendor Mode

auto_infer_blackbox is not supported in current product.
log file: "D:\proj\dk_video_csi\src\frame_buffer\fifo\temp\FIFO\rev_1\fifo_dma_write_16_128.srr"
Running: rev_1 in foreground

Running FIFO|rev_1

Running Flow: compile (Compile) on FIFO|rev_1
# Wed Feb 12 16:26:04 2020

Running Flow: compile_flow (Compile Process) on FIFO|rev_1
# Wed Feb 12 16:26:04 2020

Running: compiler (Compile Input) on FIFO|rev_1
# Wed Feb 12 16:26:04 2020
Copied D:\proj\dk_video_csi\src\frame_buffer\fifo\temp\FIFO\rev_1\synwork\fifo_dma_write_16_128_comp.srs to D:\proj\dk_video_csi\src\frame_buffer\fifo\temp\FIFO\rev_1\fifo_dma_write_16_128.srs

compiler completed
# Wed Feb 12 16:26:16 2020

Return Code: 0
Run Time:00h:00m:12s

Running: multi_srs_gen (Multi-srs Generator) on FIFO|rev_1
# Wed Feb 12 16:26:16 2020

multi_srs_gen completed
# Wed Feb 12 16:26:20 2020

Return Code: 0
Run Time:00h:00m:04s
Copied D:\proj\dk_video_csi\src\frame_buffer\fifo\temp\FIFO\rev_1\synwork\fifo_dma_write_16_128_mult.srs to D:\proj\dk_video_csi\src\frame_buffer\fifo\temp\FIFO\rev_1\fifo_dma_write_16_128.srs
Complete: Compile Process on FIFO|rev_1

Running: premap (Premap) on FIFO|rev_1
# Wed Feb 12 16:26:20 2020

premap completed with warnings
# Wed Feb 12 16:26:27 2020

Return Code: 1
Run Time:00h:00m:07s
Complete: Compile on FIFO|rev_1

Running Flow: map (Map) on FIFO|rev_1
# Wed Feb 12 16:26:27 2020

Running: fpga_mapper (Map & Optimize) on FIFO|rev_1
# Wed Feb 12 16:26:27 2020
Copied D:\proj\dk_video_csi\src\frame_buffer\fifo\temp\FIFO\rev_1\synwork\fifo_dma_write_16_128_m.srm to D:\proj\dk_video_csi\src\frame_buffer\fifo\temp\FIFO\rev_1\fifo_dma_write_16_128.srm

fpga_mapper completed with warnings
# Wed Feb 12 16:26:45 2020

Return Code: 1
Run Time:00h:00m:18s
Complete: Map on FIFO|rev_1
Complete: Logic Synthesis on FIFO|rev_1
exit status=0
exit status=0
License checkin: synplifypro_gowin
