Info    (PA0001) : "E:\GOWIN_WORK\IP_Design\MIPI\MIPI_release_case\MIPI_DPHY_Reference_Design\MIPI_RefDesign\impl\synthesize\rev_1\MIPI_RefDesign.vm" | Reading netlist file.
Info    (PA0004) : Parsing netlist file 'E:\GOWIN_WORK\IP_Design\MIPI\MIPI_release_case\MIPI_DPHY_Reference_Design\MIPI_RefDesign\impl\synthesize\rev_1\MIPI_RefDesign.vm' completed.
Info    (PA0006) : Processing netlist completed.
Info    (PA0004) : Parsing netlist file 'E:\GOWIN_WORK\IP_Design\MIPI\MIPI_release_case\MIPI_DPHY_Reference_Design\MIPI_RefDesign\src\gao.v' completed.
Info    (PA0006) : Processing netlist completed.
Info    (CT0002) : Physical Constraint parsed completed.
Info    (PR0001) : Placement in progress......
Info    (PR0005) : Routing in progress......
Info    (PR0002) : Placement and routing completed.
Info    (TA0001) : Timing analysis completed.
Info    (PR0008) : Placement and routing completed for gao design.
Info    (FS0001) : Bitstream generation in progress......
Info    (FS0002) : Bitstream generation completed.
Info    (PW0001) : Power analysis completed.
Info    (CM0008) : Generate 'E:\GOWIN_WORK\IP_Design\MIPI\MIPI_release_case\MIPI_DPHY_Reference_Design\MIPI_RefDesign\impl\pnr\MIPI_RefDesign.power.html' file completed.
Info    (CM0008) : Generate 'E:\GOWIN_WORK\IP_Design\MIPI\MIPI_release_case\MIPI_DPHY_Reference_Design\MIPI_RefDesign\impl\pnr\MIPI_RefDesign.pin.html' file completed.
Info    (CM0008) : Generate 'E:\GOWIN_WORK\IP_Design\MIPI\MIPI_release_case\MIPI_DPHY_Reference_Design\MIPI_RefDesign\impl\pnr\MIPI_RefDesign.rpt.html' file completed.
Info    (CM0008) : Generate 'E:\GOWIN_WORK\IP_Design\MIPI\MIPI_release_case\MIPI_DPHY_Reference_Design\MIPI_RefDesign\impl\pnr\MIPI_RefDesign.rpt.txt' file completed.
Info    (CM0008) : Generate 'E:\GOWIN_WORK\IP_Design\MIPI\MIPI_release_case\MIPI_DPHY_Reference_Design\MIPI_RefDesign\impl\pnr\MIPI_RefDesign.vo' file completed.
Info    (CM0008) : Generate 'E:\GOWIN_WORK\IP_Design\MIPI\MIPI_release_case\MIPI_DPHY_Reference_Design\MIPI_RefDesign\impl\pnr\MIPI_RefDesign.tr.html' file completed.
Info    (CM0008) : Generate 'E:\GOWIN_WORK\IP_Design\MIPI\MIPI_release_case\MIPI_DPHY_Reference_Design\MIPI_RefDesign\impl\pnr\MIPI_RefDesign.posp' file completed.
Info    (CM0001) : Mon Mar 30 11:17:40 2020

