One matching license found for this product: synplifypro_gowin
NOTE:  This version of the software is not a production release. No warranty is made as to the general availability of features and functionality included in this version or described in the accompanying documentation. The final contents of a production release and its timing remain at the sole discretion of Synopsys.

Starting:    E:\Gowin\Gowin_V1.9.3Beta_37257_win\SynplifyPro\bin64\mbin\synbatch.exe
Install:     E:\Gowin\Gowin_V1.9.3Beta_37257_win\SynplifyPro
Hostname:    GW-SW-001
Date:        Thu Mar 26 10:12:21 2020
Version:     P-2019.03G-1-Beta1

Arguments:   -product synplify_pro -batch E:/GOWIN_WORK/IP_Design/MIPI/MIPI_release_case/MIPI_DPHY_Reference_Design/MIPI_RefDesign/temp/gao/ao_control/ao_control.prj
ProductType: synplify_pro

License checkout: synplifypro_gowin
License: synplifypro_gowin from server 192.168.31.246 
Licensed Vendor: gowin

Running in Vendor Mode

log file: "E:\GOWIN_WORK\IP_Design\MIPI\MIPI_release_case\MIPI_DPHY_Reference_Design\MIPI_RefDesign\temp\gao\ao_control\rev_1\ao_control.srr"
Running: rev_1 in foreground

Running ao_control|rev_1

Running Flow: compile (Compile) on ao_control|rev_1
# Thu Mar 26 10:12:21 2020

Running Flow: compile_flow (Compile Process) on ao_control|rev_1
# Thu Mar 26 10:12:21 2020

Running: compiler (Compile Input) on ao_control|rev_1
# Thu Mar 26 10:12:21 2020
Copied E:\GOWIN_WORK\IP_Design\MIPI\MIPI_release_case\MIPI_DPHY_Reference_Design\MIPI_RefDesign\temp\gao\ao_control\rev_1\synwork\ao_control_comp.srs to E:\GOWIN_WORK\IP_Design\MIPI\MIPI_release_case\MIPI_DPHY_Reference_Design\MIPI_RefDesign\temp\gao\ao_control\rev_1\ao_control.srs

compiler completed
# Thu Mar 26 10:12:23 2020

Return Code: 0
Run Time:00h:00m:02s

Running: multi_srs_gen (Multi-srs Generator) on ao_control|rev_1
# Thu Mar 26 10:12:23 2020

multi_srs_gen completed
# Thu Mar 26 10:12:24 2020

Return Code: 0
Run Time:00h:00m:01s
Copied E:\GOWIN_WORK\IP_Design\MIPI\MIPI_release_case\MIPI_DPHY_Reference_Design\MIPI_RefDesign\temp\gao\ao_control\rev_1\synwork\ao_control_mult.srs to E:\GOWIN_WORK\IP_Design\MIPI\MIPI_release_case\MIPI_DPHY_Reference_Design\MIPI_RefDesign\temp\gao\ao_control\rev_1\ao_control.srs
Complete: Compile Process on ao_control|rev_1

Running: premap (Premap) on ao_control|rev_1
# Thu Mar 26 10:12:24 2020

premap completed
# Thu Mar 26 10:12:26 2020

Return Code: 0
Run Time:00h:00m:02s
Complete: Compile on ao_control|rev_1

Running Flow: map (Map) on ao_control|rev_1
# Thu Mar 26 10:12:26 2020

Running: fpga_mapper (Map & Optimize) on ao_control|rev_1
# Thu Mar 26 10:12:26 2020
Copied E:\GOWIN_WORK\IP_Design\MIPI\MIPI_release_case\MIPI_DPHY_Reference_Design\MIPI_RefDesign\temp\gao\ao_control\rev_1\synwork\ao_control_m.srm to E:\GOWIN_WORK\IP_Design\MIPI\MIPI_release_case\MIPI_DPHY_Reference_Design\MIPI_RefDesign\temp\gao\ao_control\rev_1\ao_control.srm

fpga_mapper completed with warnings
# Thu Mar 26 10:12:31 2020

Return Code: 1
Run Time:00h:00m:05s
Complete: Map on ao_control|rev_1
Complete: Logic Synthesis on ao_control|rev_1
exit status=0
exit status=0
License checkin: synplifypro_gowin
