---------------------------------------
Resource Usage Report for DPHY_RX_TOP 

Mapping to part: gw2a_18pbga484-8
Cell usage:
CLKDIV          1 use
DFFC            213 uses
DFFCE           37 uses
DFFE            16 uses
DFFPE           1 use
DHCEN           1 use
GSR             1 use
IDES8           2 uses
INV             6 uses
IODELAY         2 uses
MUX2_LUT5       38 uses
MUX2_LUT6       18 uses
RAM16SDP4       4 uses
LUT1            1 use
LUT2            35 uses
LUT3            85 uses
LUT4            117 uses

I/O ports: 48
I/O primitives: 9
IOBUF          6 uses
TLVDS_IBUF     3 uses

I/O Register bits:                  0
Register bits not including I/Os:   267 of 15552 (1%)

@S |Mapping Summary:
Total  LUTs: 238 (1%)

