
Copyright (C) 1994-2020 Synopsys, Inc.
This Synopsys software and all associated documentation are proprietary to Synopsys, Inc.
and may only be used pursuant to the terms and conditions of a written license agreement
with Synopsys, Inc. All other use, reproduction, modification, or distribution of the
Synopsys software or the associated documentation is strictly prohibited.
Tool: Synplify Pro (R)
Build: P-2019.09G-Beta2
Install: D:\Gowin\Gowin_V1.9.3.01Beta\SynplifyPro
OS: Windows 6.2

Hostname: DESKTOP-AP2159I

Implementation : rev_1

# Written on Wed Feb 12 16:26:24 2020

##### FILES SYNTAX CHECKED ##############################################
Constraint File(s):      (none)

#Run constraint checker to find more issues with constraints.
#########################################################################



No issues found in constraint syntax.



Clock Summary
*************

          Start                           Requested     Requested     Clock        Clock                     Clock
Level     Clock                           Frequency     Period        Type         Group                     Load 
------------------------------------------------------------------------------------------------------------------
0 -       fifo_dma_write_16_128|RdClk     199.1 MHz     5.024         inferred     Autoconstr_clkgroup_1     189  
                                                                                                                  
0 -       fifo_dma_write_16_128|WrClk     246.1 MHz     4.064         inferred     Autoconstr_clkgroup_0     173  
==================================================================================================================


Clock Load Summary
******************

                                Clock     Source          Clock Pin                          Non-clock Pin     Non-clock Pin                
Clock                           Load      Pin             Seq Example                        Seq Example       Comb Example                 
--------------------------------------------------------------------------------------------------------------------------------------------
fifo_dma_write_16_128|RdClk     189       RdClk(port)     fifo_inst.Big\.rq2_wptr[9:0].C     -                 fifo_inst.un1_RdClk.I[0](inv)
                                                                                                                                            
fifo_dma_write_16_128|WrClk     173       WrClk(port)     fifo_inst.Big\.wq2_rptr[9:0].C     -                 fifo_inst.un1_WrClk.I[0](inv)
============================================================================================================================================
