---------------------------------------
Resource Usage Report for fifo16b_8b 

Mapping to part: gw2a_18pbga484-8
Cell usage:
ALU             21 uses
DFFC            80 uses
DFFCE           10 uses
DFFNP           4 uses
DFFP            1 use
GSR             1 use
INV             1 use
MUX2_LUT5       6 uses
MUX2_LUT6       2 uses
SDP             1 use
LUT2            24 uses
LUT3            15 uses
LUT4            26 uses

I/O Register bits:                  0
Register bits not including I/Os:   95 of 15552 (0%)

RAM/ROM usage summary
Block Rams : 1 of 46 (2%)


@S |Mapping Summary:
Total  LUTs: 65 (0%)

