One matching license found for this product: synplifypro_gowin
NOTE:  This version of the software is not a production release. No warranty is made as to the general availability of features and functionality included in this version or described in the accompanying documentation. The final contents of a production release and its timing remain at the sole discretion of Synopsys.

Starting:    D:\Gowin\Gowin_V1.9.3.01Beta_37928_20200110\SynplifyPro\bin64\mbin\synbatch.exe
Install:     D:\Gowin\Gowin_V1.9.3.01Beta_37928_20200110\SynplifyPro
Hostname:    GZAE-AE-CAOJIE
Date:        Wed Mar 11 16:59:43 2020
Version:     P-2019.09G-Beta2

Arguments:   -product synplify_pro -batch D:/proj/dk_video_csi/src/mipi_csi/DPHY_RX_TOP/temp/MIPI_Rx/MIPI_Rx.prj
ProductType: synplify_pro

License checkout: synplifypro_gowin
License: synplifypro_gowin node-locked 
Licensed Vendor: gowin

Running in Vendor Mode

auto_infer_blackbox is not supported in current product.
log file: "D:\proj\dk_video_csi\src\mipi_csi\DPHY_RX_TOP\temp\MIPI_Rx\rev_1\DPHY_RX_TOP.srr"
Running: rev_1 in foreground

Running MIPI_Rx|rev_1

Running Flow: compile (Compile) on MIPI_Rx|rev_1
# Wed Mar 11 16:59:44 2020

Running Flow: compile_flow (Compile Process) on MIPI_Rx|rev_1
# Wed Mar 11 16:59:44 2020

Running: compiler (Compile Input) on MIPI_Rx|rev_1
# Wed Mar 11 16:59:44 2020
Copied D:\proj\dk_video_csi\src\mipi_csi\DPHY_RX_TOP\temp\MIPI_Rx\rev_1\synwork\DPHY_RX_TOP_comp.srs to D:\proj\dk_video_csi\src\mipi_csi\DPHY_RX_TOP\temp\MIPI_Rx\rev_1\DPHY_RX_TOP.srs

compiler completed
# Wed Mar 11 16:59:46 2020

Return Code: 0
Run Time:00h:00m:02s

Running: multi_srs_gen (Multi-srs Generator) on MIPI_Rx|rev_1
# Wed Mar 11 16:59:46 2020

multi_srs_gen completed
# Wed Mar 11 16:59:47 2020

Return Code: 0
Run Time:00h:00m:01s
Copied D:\proj\dk_video_csi\src\mipi_csi\DPHY_RX_TOP\temp\MIPI_Rx\rev_1\synwork\DPHY_RX_TOP_mult.srs to D:\proj\dk_video_csi\src\mipi_csi\DPHY_RX_TOP\temp\MIPI_Rx\rev_1\DPHY_RX_TOP.srs
Complete: Compile Process on MIPI_Rx|rev_1

Running: premap (Premap) on MIPI_Rx|rev_1
# Wed Mar 11 16:59:47 2020

premap completed with warnings
# Wed Mar 11 16:59:49 2020

Return Code: 1
Run Time:00h:00m:02s
Complete: Compile on MIPI_Rx|rev_1

Running Flow: map (Map) on MIPI_Rx|rev_1
# Wed Mar 11 16:59:49 2020

Running: fpga_mapper (Map & Optimize) on MIPI_Rx|rev_1
# Wed Mar 11 16:59:49 2020
Copied D:\proj\dk_video_csi\src\mipi_csi\DPHY_RX_TOP\temp\MIPI_Rx\rev_1\synwork\DPHY_RX_TOP_m.srm to D:\proj\dk_video_csi\src\mipi_csi\DPHY_RX_TOP\temp\MIPI_Rx\rev_1\DPHY_RX_TOP.srm

fpga_mapper completed with warnings
# Wed Mar 11 16:59:54 2020

Return Code: 1
Run Time:00h:00m:05s
Complete: Map on MIPI_Rx|rev_1
Complete: Logic Synthesis on MIPI_Rx|rev_1
exit status=0
exit status=0
License checkin: synplifypro_gowin
