One matching license found for this product: synplifypro_gowin
NOTE:  This version of the software is not a production release. No warranty is made as to the general availability of features and functionality included in this version or described in the accompanying documentation. The final contents of a production release and its timing remain at the sole discretion of Synopsys.

Starting:    D:\Gowin\Gowin_V1.9.3.01Beta_37928_20200110\SynplifyPro\bin64\mbin\synbatch.exe
Install:     D:\Gowin\Gowin_V1.9.3.01Beta_37928_20200110\SynplifyPro
Hostname:    GZAE-AE-CAOJIE
Date:        Wed Mar 11 15:29:03 2020
Version:     P-2019.09G-Beta2

Arguments:   -product synplify_pro -batch D:/proj/dk_video_csi/temp/gao/ao_0/ao_0.prj
ProductType: synplify_pro

License checkout: synplifypro_gowin
License: synplifypro_gowin node-locked 
Licensed Vendor: gowin

Running in Vendor Mode

log file: "D:\proj\dk_video_csi\temp\gao\ao_0\rev_1\ao_0.srr"
Running: rev_1 in foreground

Running ao_0|rev_1

Running Flow: compile (Compile) on ao_0|rev_1
# Wed Mar 11 15:29:03 2020

Running Flow: compile_flow (Compile Process) on ao_0|rev_1
# Wed Mar 11 15:29:03 2020

Running: compiler (Compile Input) on ao_0|rev_1
# Wed Mar 11 15:29:03 2020
Copied D:\proj\dk_video_csi\temp\gao\ao_0\rev_1\synwork\ao_0_comp.srs to D:\proj\dk_video_csi\temp\gao\ao_0\rev_1\ao_0.srs

compiler completed
# Wed Mar 11 15:29:06 2020

Return Code: 0
Run Time:00h:00m:03s

Running: multi_srs_gen (Multi-srs Generator) on ao_0|rev_1
# Wed Mar 11 15:29:06 2020

multi_srs_gen completed
# Wed Mar 11 15:29:07 2020

Return Code: 0
Run Time:00h:00m:01s
Copied D:\proj\dk_video_csi\temp\gao\ao_0\rev_1\synwork\ao_0_mult.srs to D:\proj\dk_video_csi\temp\gao\ao_0\rev_1\ao_0.srs
Complete: Compile Process on ao_0|rev_1

Running: premap (Premap) on ao_0|rev_1
# Wed Mar 11 15:29:07 2020

premap completed
# Wed Mar 11 15:29:10 2020

Return Code: 0
Run Time:00h:00m:03s
Complete: Compile on ao_0|rev_1

Running Flow: map (Map) on ao_0|rev_1
# Wed Mar 11 15:29:10 2020

Running: fpga_mapper (Map & Optimize) on ao_0|rev_1
# Wed Mar 11 15:29:10 2020
Copied D:\proj\dk_video_csi\temp\gao\ao_0\rev_1\synwork\ao_0_m.srm to D:\proj\dk_video_csi\temp\gao\ao_0\rev_1\ao_0.srm

fpga_mapper completed with warnings
# Wed Mar 11 15:29:18 2020

Return Code: 1
Run Time:00h:00m:08s
Complete: Map on ao_0|rev_1
Complete: Logic Synthesis on ao_0|rev_1
exit status=0
exit status=0
License checkin: synplifypro_gowin
