---------------------------------------
Resource Usage Report for I2C_MASTER_Top 

Mapping to part: gw2a_18pbga484-8
Cell usage:
ALU             16 uses
DFF             1 use
DFFC            44 uses
DFFCE           81 uses
DFFP            7 uses
DFFPE           2 uses
GSR             1 use
INV             5 uses
MUX2_LUT5       8 uses
LUT2            19 uses
LUT3            55 uses
LUT4            110 uses

I/O ports: 29
I/O primitives: 2
IOBUF          2 uses

I/O Register bits:                  0
Register bits not including I/Os:   135 of 15552 (0%)

@S |Mapping Summary:
Total  LUTs: 184 (0%)

